[Info]  /home/yanbin/Sherman/src/DSM.cpp:31 - shared memory size: 16 GB, 0x7f46be600000
[Info]  /home/yanbin/Sherman/src/DSM.cpp:33 - cache size: 1 GB
[Info]  /home/yanbin/Sherman/src/DSM.cpp:88 - Machine NR: 2
[Info]  /home/yanbin/Sherman/src/rdma/Utility.cpp:66 - NIC Device Memory is 256 KB
[Info]  /home/yanbin/Sherman/src/ThreadConnection.cpp:23 - Create memory region at 0x7f4abe600000, size 1073741824
[Info]  /home/yanbin/Sherman/src/ThreadConnection.cpp:34 - QPs[0][0]: qp: 0x55ed0475c820, cq: 0x55ed04759e20, lkey: 1009751
[Info]  /home/yanbin/Sherman/src/ThreadConnection.cpp:34 - QPs[0][1]: qp: 0x55ed0475c828, cq: 0x55ed04759e20, lkey: 1009751
[Info]  /home/yanbin/Sherman/src/ThreadConnection.cpp:23 - Create memory region at 0x7f4abe600000, size 1073741824
[Info]  /home/yanbin/Sherman/src/ThreadConnection.cpp:34 - QPs[0][0]: qp: 0x55ed04771d20, cq: 0x55ed04771350, lkey: 1013347
[Info]  /home/yanbin/Sherman/src/ThreadConnection.cpp:34 - QPs[0][1]: qp: 0x55ed04771d28, cq: 0x55ed04771350, lkey: 1013347
[Info]  /home/yanbin/Sherman/src/ThreadConnection.cpp:23 - Create memory region at 0x7f4abe600000, size 1073741824
[Info]  /home/yanbin/Sherman/src/ThreadConnection.cpp:34 - QPs[0][0]: qp: 0x55ed04784650, cq: 0x55ed04786950, lkey: 1015151
[Info]  /home/yanbin/Sherman/src/ThreadConnection.cpp:34 - QPs[0][1]: qp: 0x55ed04784658, cq: 0x55ed04786950, lkey: 1015151
[Info]  /home/yanbin/Sherman/src/ThreadConnection.cpp:23 - Create memory region at 0x7f4abe600000, size 1073741824
[Info]  /home/yanbin/Sherman/src/ThreadConnection.cpp:34 - QPs[0][0]: qp: 0x55ed0479c5d0, cq: 0x55ed0479bc00, lkey: 1017979
[Info]  /home/yanbin/Sherman/src/ThreadConnection.cpp:34 - QPs[0][1]: qp: 0x55ed0479c5d8, cq: 0x55ed0479bc00, lkey: 1017979
[Info]  /home/yanbin/Sherman/src/ThreadConnection.cpp:23 - Create memory region at 0x7f4abe600000, size 1073741824
[Info]  /home/yanbin/Sherman/src/ThreadConnection.cpp:34 - QPs[0][0]: qp: 0x55ed047b1e10, cq: 0x55ed047b1440, lkey: 1021831
[Info]  /home/yanbin/Sherman/src/ThreadConnection.cpp:34 - QPs[0][1]: qp: 0x55ed047b1e18, cq: 0x55ed047b1440, lkey: 1021831
[Info]  /home/yanbin/Sherman/src/ThreadConnection.cpp:23 - Create memory region at 0x7f4abe600000, size 1073741824
[Info]  /home/yanbin/Sherman/src/ThreadConnection.cpp:34 - QPs[0][0]: qp: 0x55ed047b1e30, cq: 0x55ed047c6730, lkey: 1025171
[Info]  /home/yanbin/Sherman/src/ThreadConnection.cpp:34 - QPs[0][1]: qp: 0x55ed047b1e38, cq: 0x55ed047c6730, lkey: 1025171
[Info]  /home/yanbin/Sherman/src/ThreadConnection.cpp:23 - Create memory region at 0x7f4abe600000, size 1073741824
[Info]  /home/yanbin/Sherman/src/ThreadConnection.cpp:34 - QPs[0][0]: qp: 0x55ed047dc3a0, cq: 0x55ed047db9d0, lkey: 1028511
[Info]  /home/yanbin/Sherman/src/ThreadConnection.cpp:34 - QPs[0][1]: qp: 0x55ed047dc3a8, cq: 0x55ed047db9d0, lkey: 1028511
[Info]  /home/yanbin/Sherman/src/ThreadConnection.cpp:23 - Create memory region at 0x7f4abe600000, size 1073741824
[Info]  /home/yanbin/Sherman/src/ThreadConnection.cpp:34 - QPs[0][0]: qp: 0x55ed047eea10, cq: 0x55ed047f0c70, lkey: 1031083
[Info]  /home/yanbin/Sherman/src/ThreadConnection.cpp:34 - QPs[0][1]: qp: 0x55ed047eea18, cq: 0x55ed047f0c70, lkey: 1031083
[Info]  /home/yanbin/Sherman/src/ThreadConnection.cpp:23 - Create memory region at 0x7f4abe600000, size 1073741824
[Info]  /home/yanbin/Sherman/src/ThreadConnection.cpp:34 - QPs[0][0]: qp: 0x55ed048071f0, cq: 0x55ed04806820, lkey: 1032624
[Info]  /home/yanbin/Sherman/src/ThreadConnection.cpp:34 - QPs[0][1]: qp: 0x55ed048071f8, cq: 0x55ed04806820, lkey: 1032624
[Info]  /home/yanbin/Sherman/src/ThreadConnection.cpp:23 - Create memory region at 0x7f4abe600000, size 1073741824
[Info]  /home/yanbin/Sherman/src/ThreadConnection.cpp:34 - QPs[0][0]: qp: 0x55ed047aecb0, cq: 0x55ed0481b6b0, lkey: 1035708
[Info]  /home/yanbin/Sherman/src/ThreadConnection.cpp:34 - QPs[0][1]: qp: 0x55ed047aecb8, cq: 0x55ed0481b6b0, lkey: 1035708
[Info]  /home/yanbin/Sherman/src/ThreadConnection.cpp:23 - Create memory region at 0x7f4abe600000, size 1073741824
[Info]  /home/yanbin/Sherman/src/ThreadConnection.cpp:34 - QPs[0][0]: qp: 0x55ed048312e0, cq: 0x55ed04830910, lkey: 1038536
[Info]  /home/yanbin/Sherman/src/ThreadConnection.cpp:34 - QPs[0][1]: qp: 0x55ed048312e8, cq: 0x55ed04830910, lkey: 1038536
[Info]  /home/yanbin/Sherman/src/ThreadConnection.cpp:23 - Create memory region at 0x7f4abe600000, size 1073741824
[Info]  /home/yanbin/Sherman/src/ThreadConnection.cpp:34 - QPs[0][0]: qp: 0x55ed04843910, cq: 0x55ed04845b70, lkey: 1042144
[Info]  /home/yanbin/Sherman/src/ThreadConnection.cpp:34 - QPs[0][1]: qp: 0x55ed04843918, cq: 0x55ed04845b70, lkey: 1042144
[Info]  /home/yanbin/Sherman/src/ThreadConnection.cpp:23 - Create memory region at 0x7f4abe600000, size 1073741824
[Info]  /home/yanbin/Sherman/src/ThreadConnection.cpp:34 - QPs[0][0]: qp: 0x55ed0485b7a0, cq: 0x55ed0485add0, lkey: 1044692
[Info]  /home/yanbin/Sherman/src/ThreadConnection.cpp:34 - QPs[0][1]: qp: 0x55ed0485b7a8, cq: 0x55ed0485add0, lkey: 1044692
[Info]  /home/yanbin/Sherman/src/ThreadConnection.cpp:23 - Create memory region at 0x7f4abe600000, size 1073741824
[Info]  /home/yanbin/Sherman/src/ThreadConnection.cpp:34 - QPs[0][0]: qp: 0x55ed0486ddd0, cq: 0x55ed04870030, lkey: 1048556
[Info]  /home/yanbin/Sherman/src/ThreadConnection.cpp:34 - QPs[0][1]: qp: 0x55ed0486ddd8, cq: 0x55ed04870030, lkey: 1048556
[Info]  /home/yanbin/Sherman/src/ThreadConnection.cpp:23 - Create memory region at 0x7f4abe600000, size 1073741824
[Info]  /home/yanbin/Sherman/src/ThreadConnection.cpp:34 - QPs[0][0]: qp: 0x55ed04885c60, cq: 0x55ed04885290, lkey: 1050616
[Info]  /home/yanbin/Sherman/src/ThreadConnection.cpp:34 - QPs[0][1]: qp: 0x55ed04885c68, cq: 0x55ed04885290, lkey: 1050616
[Info]  /home/yanbin/Sherman/src/ThreadConnection.cpp:23 - Create memory region at 0x7f4abe600000, size 1073741824
[Info]  /home/yanbin/Sherman/src/ThreadConnection.cpp:34 - QPs[0][0]: qp: 0x55ed04898290, cq: 0x55ed0489a4f0, lkey: 1054212
[Info]  /home/yanbin/Sherman/src/ThreadConnection.cpp:34 - QPs[0][1]: qp: 0x55ed04898298, cq: 0x55ed0489a4f0, lkey: 1054212
[Info]  /home/yanbin/Sherman/src/ThreadConnection.cpp:23 - Create memory region at 0x7f4abe600000, size 1073741824
[Info]  /home/yanbin/Sherman/src/ThreadConnection.cpp:34 - QPs[0][0]: qp: 0x55ed048b1330, cq: 0x55ed048b0960, lkey: 1057040
[Info]  /home/yanbin/Sherman/src/ThreadConnection.cpp:34 - QPs[0][1]: qp: 0x55ed048b1338, cq: 0x55ed048b0960, lkey: 1057040
[Info]  /home/yanbin/Sherman/src/ThreadConnection.cpp:23 - Create memory region at 0x7f4abe600000, size 1073741824
[Info]  /home/yanbin/Sherman/src/ThreadConnection.cpp:34 - QPs[0][0]: qp: 0x55ed04803cd0, cq: 0x55ed048c52f0, lkey: 1059867
[Info]  /home/yanbin/Sherman/src/ThreadConnection.cpp:34 - QPs[0][1]: qp: 0x55ed04803cd8, cq: 0x55ed048c52f0, lkey: 1059867
[Info]  /home/yanbin/Sherman/src/ThreadConnection.cpp:23 - Create memory region at 0x7f4abe600000, size 1073741824
[Info]  /home/yanbin/Sherman/src/ThreadConnection.cpp:34 - QPs[0][0]: qp: 0x55ed048daf20, cq: 0x55ed048da550, lkey: 1062951
[Info]  /home/yanbin/Sherman/src/ThreadConnection.cpp:34 - QPs[0][1]: qp: 0x55ed048daf28, cq: 0x55ed048da550, lkey: 1062951
[Info]  /home/yanbin/Sherman/src/ThreadConnection.cpp:23 - Create memory region at 0x7f4abe600000, size 1073741824
[Info]  /home/yanbin/Sherman/src/ThreadConnection.cpp:34 - QPs[0][0]: qp: 0x55ed048ed550, cq: 0x55ed048ef7b0, lkey: 1065523
[Info]  /home/yanbin/Sherman/src/ThreadConnection.cpp:34 - QPs[0][1]: qp: 0x55ed048ed558, cq: 0x55ed048ef7b0, lkey: 1065523
[Info]  /home/yanbin/Sherman/src/ThreadConnection.cpp:23 - Create memory region at 0x7f4abe600000, size 1073741824
[Info]  /home/yanbin/Sherman/src/ThreadConnection.cpp:34 - QPs[0][0]: qp: 0x55ed049053e0, cq: 0x55ed04904a10, lkey: 1072703
[Info]  /home/yanbin/Sherman/src/ThreadConnection.cpp:34 - QPs[0][1]: qp: 0x55ed049053e8, cq: 0x55ed04904a10, lkey: 1072703
[Info]  /home/yanbin/Sherman/src/ThreadConnection.cpp:23 - Create memory region at 0x7f4abe600000, size 1073741824
[Info]  /home/yanbin/Sherman/src/ThreadConnection.cpp:34 - QPs[0][0]: qp: 0x55ed04917a10, cq: 0x55ed04919c70, lkey: 1073483
[Info]  /home/yanbin/Sherman/src/ThreadConnection.cpp:34 - QPs[0][1]: qp: 0x55ed04917a18, cq: 0x55ed04919c70, lkey: 1073483
[Info]  /home/yanbin/Sherman/src/ThreadConnection.cpp:23 - Create memory region at 0x7f4abe600000, size 1073741824
[Info]  /home/yanbin/Sherman/src/ThreadConnection.cpp:34 - QPs[0][0]: qp: 0x55ed0492f8a0, cq: 0x55ed0492eed0, lkey: 1075287
[Info]  /home/yanbin/Sherman/src/ThreadConnection.cpp:34 - QPs[0][1]: qp: 0x55ed0492f8a8, cq: 0x55ed0492eed0, lkey: 1075287
[Info]  /home/yanbin/Sherman/src/ThreadConnection.cpp:23 - Create memory region at 0x7f4abe600000, size 1073741824
[Info]  /home/yanbin/Sherman/src/ThreadConnection.cpp:34 - QPs[0][0]: qp: 0x55ed04941ed0, cq: 0x55ed04944130, lkey: 1078371
[Info]  /home/yanbin/Sherman/src/ThreadConnection.cpp:34 - QPs[0][1]: qp: 0x55ed04941ed8, cq: 0x55ed04944130, lkey: 1078371
[Info]  /home/yanbin/Sherman/src/ThreadConnection.cpp:23 - Create memory region at 0x7f4abe600000, size 1073741824
[Info]  /home/yanbin/Sherman/src/ThreadConnection.cpp:34 - QPs[0][0]: qp: 0x55ed04959d60, cq: 0x55ed04959390, lkey: 1081711
[Info]  /home/yanbin/Sherman/src/ThreadConnection.cpp:34 - QPs[0][1]: qp: 0x55ed04959d68, cq: 0x55ed04959390, lkey: 1081711
[Info]  /home/yanbin/Sherman/src/ThreadConnection.cpp:23 - Create memory region at 0x7f4abe600000, size 1073741824
[Info]  /home/yanbin/Sherman/src/ThreadConnection.cpp:34 - QPs[0][0]: qp: 0x55ed0496c390, cq: 0x55ed0496e5f0, lkey: 1085051
[Info]  /home/yanbin/Sherman/src/ThreadConnection.cpp:34 - QPs[0][1]: qp: 0x55ed0496c398, cq: 0x55ed0496e5f0, lkey: 1085051
[Info]  /home/yanbin/Sherman/include/DSMKeeper.h:86 - DSMKeeper::initLocalMeta()
[Info]  /home/yanbin/Sherman/include/DSMKeeper.h:89 - DSMKeeper::connectMemcached
[Info]  /home/yanbin/Sherman/src/Keeper.cpp:92 - This server get NodeId 0 [192.168.2.152]

[Info]  /home/yanbin/Sherman/src/Keeper.cpp:130 - Connected to server 1
[Info]  /home/yanbin/Sherman/src/DSM.cpp:68 - register tid 0, iCon: 0x55ed048ad510, PDs[0][1]: 0x55ed0476a688

-------- alloc mw ----------
112.410000us per loop

-------- bind mw ----------
[Info]  /home/yanbin/Sherman/src/DSM.cpp:788 - iCon->QPS[1][2]. accessing[0][1]. iCon @0x1
failed to bind memory window.: Resource temporarily unavailable
[Error] /home/yanbin/Sherman/src/rdma/Operation.cpp:504 - failed to bind memory window: qp: 0x55ed0476a688, mw: 0x55ed04a04e50, mr: 0x55ed04765d60, mr.lkey: 1009751, mm: 0x7f4abe600000, size: 4096
[Info]  /home/yanbin/Sherman/src/DSM.cpp:788 - iCon->QPS[1][2]. accessing[0][1]. iCon @0x1
failed to bind memory window.: Resource temporarily unavailable
[Error] /home/yanbin/Sherman/src/rdma/Operation.cpp:504 - failed to bind memory window: qp: 0x55ed0476a688, mw: 0x55ed04a09690, mr: 0x55ed04765d60, mr.lkey: 1009751, mm: 0x7f4abe601000, size: 4096
[Info]  /home/yanbin/Sherman/src/DSM.cpp:788 - iCon->QPS[1][2]. accessing[0][1]. iCon @0x1
failed to bind memory window.: Resource temporarily unavailable
[Error] /home/yanbin/Sherman/src/rdma/Operation.cpp:504 - failed to bind memory window: qp: 0x55ed0476a688, mw: 0x55ed04a0ded0, mr: 0x55ed04765d60, mr.lkey: 1009751, mm: 0x7f4abe602000, size: 4096
[Info]  /home/yanbin/Sherman/src/DSM.cpp:788 - iCon->QPS[1][2]. accessing[0][1]. iCon @0x1
failed to bind memory window.: Resource temporarily unavailable
[Error] /home/yanbin/Sherman/src/rdma/Operation.cpp:504 - failed to bind memory window: qp: 0x55ed0476a688, mw: 0x55ed04a12710, mr: 0x55ed04765d60, mr.lkey: 1009751, mm: 0x7f4abe603000, size: 4096
[Info]  /home/yanbin/Sherman/src/DSM.cpp:788 - iCon->QPS[1][2]. accessing[0][1]. iCon @0x1
failed to bind memory window.: Resource temporarily unavailable
[Error] /home/yanbin/Sherman/src/rdma/Operation.cpp:504 - failed to bind memory window: qp: 0x55ed0476a688, mw: 0x55ed04a16f50, mr: 0x55ed04765d60, mr.lkey: 1009751, mm: 0x7f4abe604000, size: 4096
[Info]  /home/yanbin/Sherman/src/DSM.cpp:788 - iCon->QPS[1][2]. accessing[0][1]. iCon @0x1
failed to bind memory window.: Resource temporarily unavailable
[Error] /home/yanbin/Sherman/src/rdma/Operation.cpp:504 - failed to bind memory window: qp: 0x55ed0476a688, mw: 0x55ed04a1b790, mr: 0x55ed04765d60, mr.lkey: 1009751, mm: 0x7f4abe605000, size: 4096
[Info]  /home/yanbin/Sherman/src/DSM.cpp:788 - iCon->QPS[1][2]. accessing[0][1]. iCon @0x1
failed to bind memory window.: Resource temporarily unavailable
[Error] /home/yanbin/Sherman/src/rdma/Operation.cpp:504 - failed to bind memory window: qp: 0x55ed0476a688, mw: 0x55ed04a24b10, mr: 0x55ed04765d60, mr.lkey: 1009751, mm: 0x7f4abe606000, size: 4096
[Info]  /home/yanbin/Sherman/src/DSM.cpp:788 - iCon->QPS[1][2]. accessing[0][1]. iCon @0x1
failed to bind memory window.: Resource temporarily unavailable
[Error] /home/yanbin/Sherman/src/rdma/Operation.cpp:504 - failed to bind memory window: qp: 0x55ed0476a688, mw: 0x55ed04a29350, mr: 0x55ed04765d60, mr.lkey: 1009751, mm: 0x7f4abe607000, size: 4096
[Info]  /home/yanbin/Sherman/src/DSM.cpp:788 - iCon->QPS[1][2]. accessing[0][1]. iCon @0x1
failed to bind memory window.: Resource temporarily unavailable
[Error] /home/yanbin/Sherman/src/rdma/Operation.cpp:504 - failed to bind memory window: qp: 0x55ed0476a688, mw: 0x55ed04a2db90, mr: 0x55ed04765d60, mr.lkey: 1009751, mm: 0x7f4abe608000, size: 4096
[Info]  /home/yanbin/Sherman/src/DSM.cpp:788 - iCon->QPS[1][2]. accessing[0][1]. iCon @0x1
failed to bind memory window.: Resource temporarily unavailable
[Error] /home/yanbin/Sherman/src/rdma/Operation.cpp:504 - failed to bind memory window: qp: 0x55ed0476a688, mw: 0x55ed04a323d0, mr: 0x55ed04765d60, mr.lkey: 1009751, mm: 0x7f4abe609000, size: 4096
